<?xml version="1.0" encoding="UTF-8"?>
<testsuite name="ParserTest" tests="3" skipped="0" failures="0" errors="0" timestamp="2025-04-24T16:28:49.472Z" hostname="LAPTOP-E1MJS18I" time="0.016">
  <properties/>
  <testcase name="testSortByName()" classname="ParserTest" time="0.01"/>
  <testcase name="testSortByRating()" classname="ParserTest" time="0.001"/>
  <testcase name="testSortByPrice()" classname="ParserTest" time="0.002"/>
  <system-out><![CDATA[]]></system-out>
  <system-err><![CDATA[]]></system-err>
</testsuite>
